Using pre-set license
Built from '2020.2/release' branch; Version is '2020.2.0f1 (3721df5a8b28) revision 3613151'; Using compiler version '192528614'; Build Type 'Release'
OS: 'Windows 10  (10.0.0) 64bit' Language: 'tr' Physical Memory: 16241 MB
BatchMode: 1, IsHumanControllingUs: 0, StartBugReporterOnCrash: 0, Is64bit: 1, IsPro: 0

 COMMAND LINE ARGUMENTS:
C:\Program Files\UnityProjeler\2020.2.0f1\Editor\Unity.exe
-adb2
-batchMode
-noUpm
-name
AssetImportWorker0
-projectPath
C:/Users/sevim/Desktop/UnityProjeler/YemekToplama
-logFile
Logs/AssetImportWorker0.log
-srvPort
59749
Successfully changed project path to: C:/Users/sevim/Desktop/UnityProjeler/YemekToplama
C:/Users/sevim/Desktop/UnityProjeler/YemekToplama
Using Asset Import Pipeline V2.
Refreshing native plugins compatible for Editor in 37.80 ms, found 1 plugins.
Preloading 0 native plugins for Editor in 0.00 ms.
Initialize engine version: 2020.2.0f1 (3721df5a8b28)
[Subsystems] Discovering subsystems at path C:/Program Files/UnityProjeler/2020.2.0f1/Editor/Data/Resources/UnitySubsystems
[Subsystems] Discovering subsystems at path C:/Users/sevim/Desktop/UnityProjeler/YemekToplama/Assets
GfxDevice: creating device client; threaded=0
Direct3D:
    Version:  Direct3D 11.0 [level 11.1]
    Renderer: NVIDIA GeForce GTX 1650 (ID=0x1f91)
    Vendor:   
    VRAM:     3962 MB
    Driver:   27.21.14.6647
Initialize mono
Mono path[0] = 'C:/Program Files/UnityProjeler/2020.2.0f1/Editor/Data/Managed'
Mono path[1] = 'C:/Program Files/UnityProjeler/2020.2.0f1/Editor/Data/MonoBleedingEdge/lib/mono/unityjit'
Mono config path = 'C:/Program Files/UnityProjeler/2020.2.0f1/Editor/Data/MonoBleedingEdge/etc'
Using monoOptions --debugger-agent=transport=dt_socket,embedding=1,server=y,suspend=n,address=127.0.0.1:56120
Begin MonoManager ReloadAssembly
Registering precompiled unity dll's ...
Register platform support module: C:/Program Files/UnityProjeler/2020.2.0f1/Editor/Data/PlaybackEngines/WebGLSupport/UnityEditor.WebGL.Extensions.dll
Register platform support module: C:/Program Files/UnityProjeler/2020.2.0f1/Editor/Data/PlaybackEngines/WindowsStandaloneSupport/UnityEditor.WindowsStandalone.Extensions.dll
Registered in 0.002680 seconds.
Native extension for WindowsStandalone target not found
Native extension for WebGL target not found
Refreshing native plugins compatible for Editor in 35.16 ms, found 1 plugins.
Preloading 0 native plugins for Editor in 0.00 ms.
Invoked RoslynAnalysisRunner static constructor.
RoslynAnalysisRunner will not be running.
RoslynAnalysisRunner has terminated.
Mono: successfully reloaded assembly
- Completed reload, in  2.434 seconds
Platform modules already initialized, skipping
Registering precompiled user dll's ...
Registered in 0.001104 seconds.
Begin MonoManager ReloadAssembly
Native extension for WindowsStandalone target not found
Native extension for WebGL target not found
Refreshing native plugins compatible for Editor in 43.91 ms, found 1 plugins.
Preloading 0 native plugins for Editor in 0.00 ms.
Invoked RoslynAnalysisRunner static constructor.
RoslynAnalysisRunner will not be running.
RoslynAnalysisRunner has terminated.
Mono: successfully reloaded assembly
- Completed reload, in  0.961 seconds
Platform modules already initialized, skipping
========================================================================
Worker process is ready to serve import requests
Launched and connected shader compiler UnityShaderCompiler.exe after 0.04 seconds
Refreshing native plugins compatible for Editor in 0.56 ms, found 1 plugins.
Preloading 0 native plugins for Editor in 0.00 ms.
Unloading 1804 Unused Serialized files (Serialized files now loaded: 0)
System memory in use before: 84.5 MB.
System memory in use after: 84.5 MB.

Unloading 23 unused Assets to reduce memory usage. Loaded Objects now: 2248.
Total: 2.239000 ms (FindLiveObjects: 0.271100 ms CreateObjectMapping: 0.100700 ms MarkObjects: 1.777400 ms  DeleteObjects: 0.088800 ms)

========================================================================
Received Import Request.
  path: ProjectSettings/TagManager.asset
  artifactKey: Guid(00000000000000003000000000000000) Importer(815301076,1909f56bfc062723c751e8b465ee728b)
Start importing ProjectSettings/TagManager.asset using Guid(00000000000000003000000000000000) Importer(815301076,1909f56bfc062723c751e8b465ee728b)  -> (artifact id: '88eaa8de8daba0dc8e436beffc153483') in 0.047342 seconds
  Import took 0.054374 seconds .

========================================================================
Received Import Request.
  Time since last request: 471.236084 seconds.
  path: Assets/Scripts/Lose.cs
  artifactKey: Guid(2b91817b2773bc34aaa9415694148e8e) Importer(815301076,1909f56bfc062723c751e8b465ee728b)
Start importing Assets/Scripts/Lose.cs using Guid(2b91817b2773bc34aaa9415694148e8e) Importer(815301076,1909f56bfc062723c751e8b465ee728b)  -> (artifact id: '21a75c9fc297984755087938bb99ecf5') in 0.010216 seconds
  Import took 0.017120 seconds .

========================================================================
Received Import Request.
  Time since last request: 0.001974 seconds.
  path: Assets/Scripts/Lose.cs
  artifactKey: Guid(2b91817b2773bc34aaa9415694148e8e) Importer(815301076,1909f56bfc062723c751e8b465ee728b)
Start importing Assets/Scripts/Lose.cs using Guid(2b91817b2773bc34aaa9415694148e8e) Importer(815301076,1909f56bfc062723c751e8b465ee728b)  -> (artifact id: '21a75c9fc297984755087938bb99ecf5') in 0.002915 seconds
  Import took 0.008823 seconds .

AssetImportWorkerClient::OnTransportError - code=2 error=End of file
